c:\users\dell\desktop\defender\proj.win32\debug.win32\bulletssprite.obj
c:\users\dell\desktop\defender\proj.win32\debug.win32\defendergamelayer.obj
c:\users\dell\desktop\defender\proj.win32\debug.win32\maincitybloodsprite.obj
c:\users\dell\desktop\defender\proj.win32\debug.win32\pausegamedialoglayer.obj
c:\users\dell\desktop\defender\proj.win32\debug.win32\welcomegamelayer.obj
c:\users\dell\desktop\defender\proj.win32\debug.win32\baselayer.obj
c:\users\dell\desktop\defender\proj.win32\debug.win32\gamesuccessfullylayer.obj
c:\users\dell\desktop\defender\proj.win32\debug.win32\magicmatrixsprite.obj
c:\users\dell\desktop\defender\proj.win32\debug.win32\ratingsprite.obj
c:\users\dell\desktop\defender\proj.win32\debug.win32\weaponsprite.obj
c:\users\dell\desktop\defender\proj.win32\debug.win32\appdelegate.obj
c:\users\dell\desktop\defender\proj.win32\debug.win32\checkpointsystems.obj
c:\users\dell\desktop\defender\proj.win32\debug.win32\gametipssprite.obj
c:\users\dell\desktop\defender\proj.win32\debug.win32\monstersprite.obj
c:\users\dell\desktop\defender\proj.win32\debug.win32\upgradesystemlayer.obj
c:\users\dell\desktop\defender\proj.win32\debug.win32\aboutcoderlayer.obj
c:\users\dell\desktop\defender\proj.win32\debug.win32\gameoverdialoglayer.obj
c:\users\dell\desktop\defender\proj.win32\debug.win32\loadinglayer.obj
c:\users\dell\desktop\defender\proj.win32\debug.win32\monstersystem.obj
c:\users\dell\desktop\defender\proj.win32\debug.win32\snailprogresssprite.obj
c:\users\dell\desktop\defender\proj.win32\debug.win32\main.obj
c:\users\dell\desktop\defender\proj.win32\debug.win32\vc140.idb
c:\users\dell\desktop\defender\proj.win32\debug.win32\vc140.pdb
c:\users\dell\desktop\defender\proj.win32\debug.win32\defender.tlog\cl.command.1.tlog
c:\users\dell\desktop\defender\proj.win32\debug.win32\defender.tlog\cl.read.1.tlog
c:\users\dell\desktop\defender\proj.win32\debug.win32\defender.tlog\cl.write.1.tlog
